<?xml version="1.0" encoding="UTF-8"?>
<testsuite xmlns:xsi="http://www.w3.org/2001/XMLSchema-instance" xsi:noNamespaceSchemaLocation="https://maven.apache.org/surefire/maven-surefire-plugin/xsd/surefire-test-report.xsd" name="p4_group_8_repo.AppTest" time="0.031" tests="1" errors="0" skipped="0" failures="0">
  <properties>
    <property name="java.specification.version" value="14"/>
    <property name="sun.cpu.isalist" value="amd64"/>
    <property name="sun.jnu.encoding" value="Cp1252"/>
    <property name="java.class.path" value="E:\Files\year2\COMP2042.CW.hcygv1\target\test-classes;E:\Files\year2\COMP2042.CW.hcygv1\target\classes;C:\Users\gilbe\.m2\repository\org\openjfx\javafx-media\15\javafx-media-15.jar;C:\Users\gilbe\.m2\repository\org\openjfx\javafx-media\15\javafx-media-15-win.jar;C:\Users\gilbe\.m2\repository\org\openjfx\javafx-graphics\15\javafx-graphics-15.jar;C:\Users\gilbe\.m2\repository\org\openjfx\javafx-graphics\15\javafx-graphics-15-win.jar;C:\Users\gilbe\.m2\repository\org\openjfx\javafx-base\15\javafx-base-15.jar;C:\Users\gilbe\.m2\repository\org\openjfx\javafx-base\15\javafx-base-15-win.jar;C:\Users\gilbe\.m2\repository\org\openjfx\javafx-controls\15\javafx-controls-15.jar;C:\Users\gilbe\.m2\repository\org\openjfx\javafx-controls\15\javafx-controls-15-win.jar;C:\Users\gilbe\.m2\repository\junit\junit\4.11\junit-4.11.jar;C:\Users\gilbe\.m2\repository\org\hamcrest\hamcrest-core\1.3\hamcrest-core-1.3.jar;"/>
    <property name="java.vm.vendor" value="Oracle Corporation"/>
    <property name="sun.arch.data.model" value="64"/>
    <property name="user.variant" value=""/>
    <property name="java.vendor.url" value="https://java.oracle.com/"/>
    <property name="user.timezone" value="Asia/Jakarta"/>
    <property name="os.name" value="Windows 10"/>
    <property name="java.vm.specification.version" value="14"/>
    <property name="sun.java.launcher" value="SUN_STANDARD"/>
    <property name="user.country" value="ID"/>
    <property name="sun.boot.library.path" value="C:\Program Files\Java\jdk-14\bin"/>
    <property name="sun.java.command" value="C:\Users\gilbe\AppData\Local\Temp\surefire2860665313896279921\surefirebooter6701024523508699410.jar C:\Users\gilbe\AppData\Local\Temp\surefire2860665313896279921 2020-10-30T15-38-41_529-jvmRun1 surefire686384866779846242tmp surefire_04491244906539143629tmp"/>
    <property name="jdk.debug" value="release"/>
    <property name="surefire.test.class.path" value="E:\Files\year2\COMP2042.CW.hcygv1\target\test-classes;E:\Files\year2\COMP2042.CW.hcygv1\target\classes;C:\Users\gilbe\.m2\repository\org\openjfx\javafx-media\15\javafx-media-15.jar;C:\Users\gilbe\.m2\repository\org\openjfx\javafx-media\15\javafx-media-15-win.jar;C:\Users\gilbe\.m2\repository\org\openjfx\javafx-graphics\15\javafx-graphics-15.jar;C:\Users\gilbe\.m2\repository\org\openjfx\javafx-graphics\15\javafx-graphics-15-win.jar;C:\Users\gilbe\.m2\repository\org\openjfx\javafx-base\15\javafx-base-15.jar;C:\Users\gilbe\.m2\repository\org\openjfx\javafx-base\15\javafx-base-15-win.jar;C:\Users\gilbe\.m2\repository\org\openjfx\javafx-controls\15\javafx-controls-15.jar;C:\Users\gilbe\.m2\repository\org\openjfx\javafx-controls\15\javafx-controls-15-win.jar;C:\Users\gilbe\.m2\repository\junit\junit\4.11\junit-4.11.jar;C:\Users\gilbe\.m2\repository\org\hamcrest\hamcrest-core\1.3\hamcrest-core-1.3.jar;"/>
    <property name="sun.cpu.endian" value="little"/>
    <property name="user.home" value="C:\Users\gilbe"/>
    <property name="user.language" value="en"/>
    <property name="java.specification.vendor" value="Oracle Corporation"/>
    <property name="java.version.date" value="2020-03-17"/>
    <property name="java.home" value="C:\Program Files\Java\jdk-14"/>
    <property name="file.separator" value="\"/>
    <property name="basedir" value="E:\Files\year2\COMP2042.CW.hcygv1"/>
    <property name="java.vm.compressedOopsMode" value="Zero based"/>
    <property name="line.separator" value="&#10;"/>
    <property name="java.vm.specification.vendor" value="Oracle Corporation"/>
    <property name="java.specification.name" value="Java Platform API Specification"/>
    <property name="surefire.real.class.path" value="C:\Users\gilbe\AppData\Local\Temp\surefire2860665313896279921\surefirebooter6701024523508699410.jar"/>
    <property name="user.script" value=""/>
    <property name="sun.management.compiler" value="HotSpot 64-Bit Tiered Compilers"/>
    <property name="java.runtime.version" value="14+36-1461"/>
    <property name="user.name" value="gilbe"/>
    <property name="path.separator" value=";"/>
    <property name="os.version" value="10.0"/>
    <property name="java.runtime.name" value="Java(TM) SE Runtime Environment"/>
    <property name="file.encoding" value="Cp1252"/>
    <property name="java.vm.name" value="Java HotSpot(TM) 64-Bit Server VM"/>
    <property name="localRepository" value="C:\Users\gilbe\.m2\repository"/>
    <property name="java.vendor.url.bug" value="https://bugreport.java.com/bugreport/"/>
    <property name="java.io.tmpdir" value="C:\Users\gilbe\AppData\Local\Temp\"/>
    <property name="java.version" value="14"/>
    <property name="user.dir" value="E:\Files\year2\COMP2042.CW.hcygv1"/>
    <property name="os.arch" value="amd64"/>
    <property name="java.vm.specification.name" value="Java Virtual Machine Specification"/>
    <property name="sun.os.patch.level" value=""/>
    <property name="java.library.path" value="C:\Program Files\Java\jdk-14\bin;C:\WINDOWS\Sun\Java\bin;C:\WINDOWS\system32;C:\WINDOWS;D:\Apps\Git\mingw64\bin;D:\Apps\Git\usr\bin;C:\Users\gilbe\bin;C:\Program Files (x86)\Razer Chroma SDK\bin;C:\Program Files\Razer Chroma SDK\bin;C:\Program Files\Java\jdk-14\bin;C:\Program Files\Razer Chroma SDK\bin;C:\Program Files (x86)\Razer\ChromaBroadcast\bin;C:\Program Files\Razer\ChromaBroadcast\bin;C:\WINDOWS\system32;C:\WINDOWS;C:\WINDOWS\System32\Wbem;C:\WINDOWS\System32\WindowsPowerShell\v1.0;C:\WINDOWS\System32\OpenSSH;C:\Program Files\NVIDIA Corporation\NVIDIA NvDLISR;C:\Program Files (x86)\NVIDIA Corporation\PhysX\Common;C:\ProgramData\chocolatey\bin;C:\WINDOWS\system32\config\systemprofile\AppData\Local\Microsoft\WindowsApps;C:\Program Files (x86)\Windows Live\Shared;C:\WINDOWS\system32;C:\WINDOWS;C:\WINDOWS\System32\Wbem;C:\WINDOWS\System32\WindowsPowerShell\v1.0;C:\WINDOWS\System32\OpenSSH;C:\Users\gilbe\AppData\Local\Microsoft\WindowsApps;C:\Users\gilbe\AppData\Local\atom\bin;C:\Users\gilbe\AppData\Local\Microsoft\WindowsApps;D:\Apps\Git\cmd;D:\Apps\apache-ant-1.10.9\bin;D:\Apps\maven\apache-maven-3.6.3\bin;C:\Users\gilbe\AppData\Local\Microsoft\WindowsApps;C:\Users\gilbe\AppData\Local\Microsoft\WindowsApps;D:\Apps\Microsoft VS Code\bin;C:\Users\gilbe\AppData\Local\GitHubDesktop\bin;C:\MinGW\bin;C:\Users\gilbe\spicetify-cli;D:\Apps\maven\apache-maven-3.6.3\bin;."/>
    <property name="java.vm.info" value="mixed mode, sharing"/>
    <property name="java.vendor" value="Oracle Corporation"/>
    <property name="java.vm.version" value="14+36-1461"/>
    <property name="sun.io.unicode.encoding" value="UnicodeLittle"/>
    <property name="java.class.version" value="58.0"/>
  </properties>
  <testcase name="shouldAnswerWithTrue" classname="p4_group_8_repo.AppTest" time="0.001"/>
</testsuite>